# JRE version: OpenJDK Runtime Environment (21.0.10) (build 21.0.10+-14961533-b1163.108)
# Java VM: OpenJDK 64-Bit Server VM (21.0.10+-14961533-b1163.108, mixed mode, tiered, compressed oops, compressed class ptrs, g1 gc, windows-amd64)
GC Precious Log:
 CardTable entry size: 512
 Card Set container configuration: InlinePtr #cards 5 size 8 Array Of Cards #cards 12 size 40 Howl #buckets 4 coarsen threshold 1843 Howl Bitmap #cards 512 size 80 coarsen threshold 460 Card regions per heap region 1 cards per card region 2048
 CPUs: 4 total, 4 available
 Memory: 8088M
 Large Page Support: Disabled
 NUMA Support: Disabled
 Compressed Oops: Enabled (32-bit)
 Heap Region Size: 1M
 Heap Min Capacity: 8M
 Heap Initial Capacity: 128M
 Heap Max Capacity: 2G
 Pre-touch: Disabled
 Parallel Workers: 4
 Concurrent Workers: 1
 Concurrent Refinement Workers: 4
 Periodic GC: Disabled
Heap:
 garbage-first heap   total 71680K, used 40437K [0x0000000080000000, 0x0000000100000000)
  region size 1024K, 25 young (25600K), 3 survivors (3072K)
 Metaspace       used 25223K, committed 25600K, reserved 917504K
  class space    used 3147K, committed 3328K, reserved 851968K
GC Heap History (10 events):
Event: 2.116 GC heap before
{Heap before GC invocations=0 (full 0):
 garbage-first heap   total 131072K, used 13312K [0x0000000080000000, 0x0000000100000000)
  region size 1024K, 13 young (13312K), 0 survivors (0K)
 Metaspace       used 7830K, committed 8000K, reserved 917504K
  class space    used 738K, committed 832K, reserved 851968K
}
Event: 2.273 GC heap after
{Heap after GC invocations=1 (full 0):
 garbage-first heap   total 131072K, used 1194K [0x0000000080000000, 0x0000000100000000)
  region size 1024K, 2 young (2048K), 2 survivors (2048K)
 Metaspace       used 7830K, committed 8000K, reserved 917504K
  class space    used 738K, committed 832K, reserved 851968K
}
Event: 4.999 GC heap before
{Heap before GC invocations=1 (full 0):
 garbage-first heap   total 131072K, used 26794K [0x0000000080000000, 0x0000000100000000)
  region size 1024K, 27 young (27648K), 2 survivors (2048K)
 Metaspace       used 8491K, committed 8640K, reserved 917504K
  class space    used 782K, committed 832K, reserved 851968K
}
Event: 5.005 GC heap after
{Heap after GC invocations=2 (full 0):
 garbage-first heap   total 131072K, used 1841K [0x0000000080000000, 0x0000000100000000)
  region size 1024K, 2 young (2048K), 2 survivors (2048K)
 Metaspace       used 8491K, committed 8640K, reserved 917504K
  class space    used 782K, committed 832K, reserved 851968K
}
Event: 14.158 GC heap before
{Heap before GC invocations=2 (full 0):
 garbage-first heap   total 131072K, used 79665K [0x0000000080000000, 0x0000000100000000)
  region size 1024K, 76 young (77824K), 2 survivors (2048K)
 Metaspace       used 12654K, committed 12736K, reserved 917504K
  class space    used 1372K, committed 1408K, reserved 851968K
}
Event: 14.168 GC heap after
{Heap after GC invocations=3 (full 0):
 garbage-first heap   total 131072K, used 10981K [0x0000000080000000, 0x0000000100000000)
  region size 1024K, 8 young (8192K), 8 survivors (8192K)
 Metaspace       used 12654K, committed 12736K, reserved 917504K
  class space    used 1372K, committed 1408K, reserved 851968K
}
Event: 21.323 GC heap before
{Heap before GC invocations=3 (full 0):
 garbage-first heap   total 131072K, used 82661K [0x0000000080000000, 0x0000000100000000)
  region size 1024K, 76 young (77824K), 8 survivors (8192K)
 Metaspace       used 15244K, committed 15424K, reserved 917504K
  class space    used 1711K, committed 1792K, reserved 851968K
}
Event: 21.338 GC heap after
{Heap after GC invocations=4 (full 0):
 garbage-first heap   total 131072K, used 17988K [0x0000000080000000, 0x0000000100000000)
  region size 1024K, 6 young (6144K), 6 survivors (6144K)
 Metaspace       used 15244K, committed 15424K, reserved 917504K
  class space    used 1711K, committed 1792K, reserved 851968K
}
Event: 25.744 GC heap before
{Heap before GC invocations=4 (full 0):
 garbage-first heap   total 131072K, used 41540K [0x0000000080000000, 0x0000000100000000)
  region size 1024K, 30 young (30720K), 6 survivors (6144K)
 Metaspace       used 21275K, committed 21504K, reserved 917504K
  class space    used 2560K, committed 2688K, reserved 851968K
}
Event: 25.754 GC heap after
{Heap after GC invocations=5 (full 0):
 garbage-first heap   total 131072K, used 19957K [0x0000000080000000, 0x0000000100000000)
  region size 1024K, 3 young (3072K), 3 survivors (3072K)
 Metaspace       used 21275K, committed 21504K, reserved 917504K
  class space    used 2560K, committed 2688K, reserved 851968K
}

