# JRE version: OpenJDK Runtime Environment (21.0.10) (build 21.0.10+-14961533-b1163.108)
# Java VM: OpenJDK 64-Bit Server VM (21.0.10+-14961533-b1163.108, mixed mode, tiered, compressed oops, compressed class ptrs, g1 gc, windows-amd64)
GC Precious Log:
 CardTable entry size: 512
 Card Set container configuration: InlinePtr #cards 4 size 8 Array Of Cards #cards 32 size 80 Howl #buckets 8 coarsen threshold 7372 Howl Bitmap #cards 1024 size 144 coarsen threshold 921 Card regions per heap region 1 cards per card region 8192
 CPUs: 4 total, 4 available
 Memory: 8088M
 Large Page Support: Disabled
 NUMA Support: Disabled
 Compressed Oops: Enabled (Zero based)
 Heap Region Size: 4M
 Heap Min Capacity: 8M
 Heap Initial Capacity: 128M
 Heap Max Capacity: 8G
 Pre-touch: Disabled
 Parallel Workers: 4
 Concurrent Workers: 1
 Concurrent Refinement Workers: 4
 Periodic GC: Disabled
Heap:
 garbage-first heap   total 139264K, used 81660K [0x0000000600000000, 0x0000000800000000)
  region size 4096K, 3 young (12288K), 2 survivors (8192K)
 Metaspace       used 120287K, committed 122112K, reserved 1179648K
  class space    used 15622K, committed 16512K, reserved 1048576K
GC Heap History (20 events):
Event: 90.457 GC heap before
{Heap before GC invocations=25 (full 0):
 garbage-first heap   total 110592K, used 88946K [0x0000000600000000, 0x0000000800000000)
  region size 4096K, 8 young (32768K), 1 survivors (4096K)
 Metaspace       used 87622K, committed 89216K, reserved 1179648K
  class space    used 11930K, committed 12672K, reserved 1048576K
}
Event: 90.471 GC heap after
{Heap after GC invocations=26 (full 0):
 garbage-first heap   total 110592K, used 65663K [0x0000000600000000, 0x0000000800000000)
  region size 4096K, 1 young (4096K), 1 survivors (4096K)
 Metaspace       used 87622K, committed 89216K, reserved 1179648K
  class space    used 11930K, committed 12672K, reserved 1048576K
}
Event: 92.339 GC heap before
{Heap before GC invocations=26 (full 0):
 garbage-first heap   total 110592K, used 94335K [0x0000000600000000, 0x0000000800000000)
  region size 4096K, 8 young (32768K), 1 survivors (4096K)
 Metaspace       used 88396K, committed 90048K, reserved 1179648K
  class space    used 12008K, committed 12800K, reserved 1048576K
}
Event: 92.352 GC heap after
{Heap after GC invocations=27 (full 0):
 garbage-first heap   total 110592K, used 66661K [0x0000000600000000, 0x0000000800000000)
  region size 4096K, 1 young (4096K), 1 survivors (4096K)
 Metaspace       used 88396K, committed 90048K, reserved 1179648K
  class space    used 12008K, committed 12800K, reserved 1048576K
}
Event: 95.521 GC heap before
{Heap before GC invocations=28 (full 0):
 garbage-first heap   total 118784K, used 95333K [0x0000000600000000, 0x0000000800000000)
  region size 4096K, 8 young (32768K), 1 survivors (4096K)
 Metaspace       used 90384K, committed 91968K, reserved 1179648K
  class space    used 12223K, committed 12992K, reserved 1048576K
}
Event: 95.531 GC heap after
{Heap after GC invocations=29 (full 0):
 garbage-first heap   total 118784K, used 69777K [0x0000000600000000, 0x0000000800000000)
  region size 4096K, 1 young (4096K), 1 survivors (4096K)
 Metaspace       used 90384K, committed 91968K, reserved 1179648K
  class space    used 12223K, committed 12992K, reserved 1048576K
}
Event: 98.351 GC heap before
{Heap before GC invocations=29 (full 0):
 garbage-first heap   total 118784K, used 102545K [0x0000000600000000, 0x0000000800000000)
  region size 4096K, 9 young (36864K), 1 survivors (4096K)
 Metaspace       used 92825K, committed 94528K, reserved 1179648K
  class space    used 12515K, committed 13312K, reserved 1048576K
}
Event: 98.370 GC heap after
{Heap after GC invocations=30 (full 0):
 garbage-first heap   total 118784K, used 72566K [0x0000000600000000, 0x0000000800000000)
  region size 4096K, 2 young (8192K), 2 survivors (8192K)
 Metaspace       used 92825K, committed 94528K, reserved 1179648K
  class space    used 12515K, committed 13312K, reserved 1048576K
}
Event: 102.541 GC heap before
{Heap before GC invocations=30 (full 0):
 garbage-first heap   total 118784K, used 105334K [0x0000000600000000, 0x0000000800000000)
  region size 4096K, 10 young (40960K), 2 survivors (8192K)
 Metaspace       used 96457K, committed 98048K, reserved 1179648K
  class space    used 12880K, committed 13632K, reserved 1048576K
}
Event: 102.554 GC heap after
{Heap after GC invocations=31 (full 0):
 garbage-first heap   total 118784K, used 75082K [0x0000000600000000, 0x0000000800000000)
  region size 4096K, 2 young (8192K), 2 survivors (8192K)
 Metaspace       used 96457K, committed 98048K, reserved 1179648K
  class space    used 12880K, committed 13632K, reserved 1048576K
}
Event: 104.201 GC heap before
{Heap before GC invocations=32 (full 0):
 garbage-first heap   total 131072K, used 103754K [0x0000000600000000, 0x0000000800000000)
  region size 4096K, 9 young (36864K), 2 survivors (8192K)
 Metaspace       used 100225K, committed 101824K, reserved 1179648K
  class space    used 13262K, committed 14016K, reserved 1048576K
}
Event: 104.211 GC heap after
{Heap after GC invocations=33 (full 0):
 garbage-first heap   total 131072K, used 77169K [0x0000000600000000, 0x0000000800000000)
  region size 4096K, 2 young (8192K), 2 survivors (8192K)
 Metaspace       used 100225K, committed 101824K, reserved 1179648K
  class space    used 13262K, committed 14016K, reserved 1048576K
}
Event: 107.968 GC heap before
{Heap before GC invocations=33 (full 0):
 garbage-first heap   total 131072K, used 109937K [0x0000000600000000, 0x0000000800000000)
  region size 4096K, 11 young (45056K), 2 survivors (8192K)
 Metaspace       used 105656K, committed 107264K, reserved 1179648K
  class space    used 13870K, committed 14656K, reserved 1048576K
}
Event: 107.984 GC heap after
{Heap after GC invocations=34 (full 0):
 garbage-first heap   total 131072K, used 77857K [0x0000000600000000, 0x0000000800000000)
  region size 4096K, 1 young (4096K), 1 survivors (4096K)
 Metaspace       used 105656K, committed 107264K, reserved 1179648K
  class space    used 13870K, committed 14656K, reserved 1048576K
}
Event: 110.837 GC heap before
{Heap before GC invocations=34 (full 0):
 garbage-first heap   total 131072K, used 114721K [0x0000000600000000, 0x0000000800000000)
  region size 4096K, 10 young (40960K), 1 survivors (4096K)
 Metaspace       used 112018K, committed 113664K, reserved 1179648K
  class space    used 14494K, committed 15296K, reserved 1048576K
}
Event: 110.844 GC heap after
{Heap after GC invocations=35 (full 0):
 garbage-first heap   total 131072K, used 78786K [0x0000000600000000, 0x0000000800000000)
  region size 4096K, 1 young (4096K), 1 survivors (4096K)
 Metaspace       used 112018K, committed 113664K, reserved 1179648K
  class space    used 14494K, committed 15296K, reserved 1048576K
}
Event: 116.267 GC heap before
{Heap before GC invocations=36 (full 0):
 garbage-first heap   total 139264K, used 115650K [0x0000000600000000, 0x0000000800000000)
  region size 4096K, 10 young (40960K), 1 survivors (4096K)
 Metaspace       used 117298K, committed 119040K, reserved 1179648K
  class space    used 15124K, committed 16000K, reserved 1048576K
}
Event: 116.278 GC heap after
{Heap after GC invocations=37 (full 0):
 garbage-first heap   total 139264K, used 79194K [0x0000000600000000, 0x0000000800000000)
  region size 4096K, 2 young (8192K), 2 survivors (8192K)
 Metaspace       used 117298K, committed 119040K, reserved 1179648K
  class space    used 15124K, committed 16000K, reserved 1048576K
}
Event: 120.223 GC heap before
{Heap before GC invocations=37 (full 0):
 garbage-first heap   total 139264K, used 120154K [0x0000000600000000, 0x0000000800000000)
  region size 4096K, 12 young (49152K), 2 survivors (8192K)
 Metaspace       used 120037K, committed 121920K, reserved 1179648K
  class space    used 15588K, committed 16512K, reserved 1048576K
}
Event: 120.235 GC heap after
{Heap after GC invocations=38 (full 0):
 garbage-first heap   total 139264K, used 81660K [0x0000000600000000, 0x0000000800000000)
  region size 4096K, 2 young (8192K), 2 survivors (8192K)
 Metaspace       used 120037K, committed 121920K, reserved 1179648K
  class space    used 15588K, committed 16512K, reserved 1048576K
}

